timestamp,detections,path,count,Event.System.Provider,Event ID,Record ID,Computer,Event Data
2026-04-08T22:04:15.006483+00:00,Important Windows Eventlog Cleared,events2/System.evtx,1,Microsoft-Windows-Eventlog,104,1480,DESKTOP-8T2FTQR,
2026-04-08T22:04:26.438792+00:00,Important Windows Eventlog Cleared,events2/System.evtx,1,Microsoft-Windows-Eventlog,104,1481,DESKTOP-8T2FTQR,
2026-04-08T22:04:39.370528+00:00,Important Windows Eventlog Cleared,events2/System.evtx,1,Microsoft-Windows-Eventlog,104,1482,DESKTOP-8T2FTQR,
2026-04-08T22:04:52.580698+00:00,Important Windows Eventlog Cleared,events2/System.evtx,1,Microsoft-Windows-Eventlog,104,1483,DESKTOP-8T2FTQR,
2026-04-08T22:07:53.591866+00:00,LSASS Dump Keyword In CommandLine;Potentially Suspicious Rundll32 Activity,events2/Microsoft-Windows-Sysmon%4Operational.evtx,1,Microsoft-Windows-Sysmon,1,5930,DESKTOP-8T2FTQR,"Image: C:\Windows\System32\rundll32.exe
RuleName: '-'
Description: Windows host process (Rundll32)
OriginalFileName: RUNDLL32.EXE
TerminalSessionId: 1
ParentCommandLine: '""C:\WINDOWS\system32\cmd.exe"" '
Product: Microsoft® Windows® Operating System
Company: Microsoft Corporation
ParentProcessId: 3684
ParentUser: DESKTOP-8T2FTQR\CozyBear
LogonGuid: 732A33C0-CB03-69D6-2ADB-010000000000
Hashes: SHA256=4193F529BFF2729769D82CB83EE206D2AF16C59208D6DC5CD8B54CD9C6703A11
ParentProcessGuid: 732A33C0-D129-69D6-A401-000000000800
ProcessId: 9224
CurrentDirectory: C:\Windows\System32\
ProcessGuid: 732A33C0-D1B9-69D6-A601-000000000800
CommandLine: rundll32.exe  C:\Windows\temp\comsvcs.dll, MiniDump 804 C:\Temp\LSASSdump.dmp
FileVersion: 10.0.26100.7309 (WinBuild.160101.0800)
User: DESKTOP-8T2FTQR\CozyBear
LogonId: '0x1db2a'
IntegrityLevel: High
ParentImage: C:\Windows\System32\cmd.exe
UtcTime: 2026-04-08 22:07:53.590
"
2026-04-08T22:08:59.174887+00:00,LSASS Dump Keyword In CommandLine;Potentially Suspicious Rundll32 Activity,events2/Microsoft-Windows-Sysmon%4Operational.evtx,1,Microsoft-Windows-Sysmon,1,5934,DESKTOP-8T2FTQR,"Image: C:\Windows\System32\rundll32.exe
RuleName: '-'
Description: Windows host process (Rundll32)
OriginalFileName: RUNDLL32.EXE
TerminalSessionId: 1
ParentCommandLine: '""C:\WINDOWS\system32\cmd.exe"" '
Product: Microsoft® Windows® Operating System
Company: Microsoft Corporation
ParentProcessId: 3684
ParentUser: DESKTOP-8T2FTQR\CozyBear
LogonGuid: 732A33C0-CB03-69D6-2ADB-010000000000
Hashes: SHA256=4193F529BFF2729769D82CB83EE206D2AF16C59208D6DC5CD8B54CD9C6703A11
ParentProcessGuid: 732A33C0-D129-69D6-A401-000000000800
ProcessId: 4944
CurrentDirectory: C:\Windows\System32\
ProcessGuid: 732A33C0-D1FB-69D6-A801-000000000800
CommandLine: Rundll32.exe  C:\Windows\System32\comsvcs.dll, MiniDump 804 C:\Temp\LSASSdump.dmp
FileVersion: 10.0.26100.7309 (WinBuild.160101.0800)
User: DESKTOP-8T2FTQR\CozyBear
LogonId: '0x1db2a'
IntegrityLevel: High
ParentImage: C:\Windows\System32\cmd.exe
UtcTime: 2026-04-08 22:08:59.173
"
2026-04-08T22:10:52.630014+00:00,LSASS Dump Keyword In CommandLine;Potentially Suspicious Rundll32 Activity;Process Memory Dump Via Comsvcs.DLL,events2/Microsoft-Windows-Sysmon%4Operational.evtx,1,Microsoft-Windows-Sysmon,1,5959,DESKTOP-8T2FTQR,"Image: C:\Windows\System32\rundll32.exe
RuleName: '-'
Description: Windows host process (Rundll32)
OriginalFileName: RUNDLL32.EXE
TerminalSessionId: 1
ParentCommandLine: '""C:\WINDOWS\system32\cmd.exe"" '
Product: Microsoft® Windows® Operating System
Company: Microsoft Corporation
ParentProcessId: 3684
ParentUser: DESKTOP-8T2FTQR\CozyBear
LogonGuid: 732A33C0-CB03-69D6-2ADB-010000000000
Hashes: SHA256=4193F529BFF2729769D82CB83EE206D2AF16C59208D6DC5CD8B54CD9C6703A11
ParentProcessGuid: 732A33C0-D129-69D6-A401-000000000800
ProcessId: 9484
CurrentDirectory: C:\Windows\System32\
ProcessGuid: 732A33C0-D26C-69D6-B501-000000000800
CommandLine: Rundll32.exe  C:\Windows\System32\comsvcs.dll, MiniDump 804 C:\Temp\LSASSdump.dmp full
FileVersion: 10.0.26100.7309 (WinBuild.160101.0800)
User: DESKTOP-8T2FTQR\CozyBear
LogonId: '0x1db2a'
IntegrityLevel: High
ParentImage: C:\Windows\System32\cmd.exe
UtcTime: 2026-04-08 22:10:52.629
"
2026-04-08T22:11:07.495949+00:00,LSASS Dump Keyword In CommandLine,events2/Microsoft-Windows-Sysmon%4Operational.evtx,1,Microsoft-Windows-Sysmon,1,5964,DESKTOP-8T2FTQR,"Image: C:\Program Files\WindowsApps\Microsoft.WindowsNotepad_11.2512.26.0_x64__8wekyb3d8bbwe\Notepad\Notepad.exe
RuleName: '-'
Description: '-'
OriginalFileName: '-'
TerminalSessionId: 1
ParentCommandLine: C:\WINDOWS\system32\OpenWith.exe -Embedding
Product: '-'
Company: '-'
ParentProcessId: 11148
ParentUser: DESKTOP-8T2FTQR\CozyBear
LogonGuid: 732A33C0-CB03-69D6-99DB-010000000000
Hashes: SHA256=C8E1425C88305F836C2EEB78F4318B6B9FF1672C2ED8DC11A61B0FA8520BE2BF
ParentProcessGuid: 732A33C0-D276-69D6-B701-000000000800
ProcessId: 8996
CurrentDirectory: C:\Users\CozyBear\
ProcessGuid: 732A33C0-D27B-69D6-B901-000000000800
CommandLine: '""C:\Program Files\WindowsApps\Microsoft.WindowsNotepad_11.2512.26.0_x64__8wekyb3d8bbwe\Notepad\Notepad.exe"" ""C:\Temp\LSASSdump.dmp""'
FileVersion: '-'
User: DESKTOP-8T2FTQR\CozyBear
LogonId: '0x1db99'
IntegrityLevel: Medium
ParentImage: C:\Windows\System32\OpenWith.exe
UtcTime: 2026-04-08 22:11:07.482
"
2026-04-08T22:11:57.200300+00:00,LSASS Dump Keyword In CommandLine,events2/Microsoft-Windows-Sysmon%4Operational.evtx,1,Microsoft-Windows-Sysmon,1,5974,DESKTOP-8T2FTQR,"Image: C:\Program Files\WindowsApps\Microsoft.WindowsNotepad_11.2512.26.0_x64__8wekyb3d8bbwe\Notepad\Notepad.exe
RuleName: '-'
Description: '-'
OriginalFileName: '-'
TerminalSessionId: 1
ParentCommandLine: C:\WINDOWS\system32\OpenWith.exe -Embedding
Product: '-'
Company: '-'
ParentProcessId: 5528
ParentUser: DESKTOP-8T2FTQR\CozyBear
LogonGuid: 732A33C0-CB03-69D6-99DB-010000000000
Hashes: SHA256=C8E1425C88305F836C2EEB78F4318B6B9FF1672C2ED8DC11A61B0FA8520BE2BF
ParentProcessGuid: 732A33C0-D2AA-69D6-BD01-000000000800
ProcessId: 3896
CurrentDirectory: C:\Users\CozyBear\
ProcessGuid: 732A33C0-D2AD-69D6-BE01-000000000800
CommandLine: '""C:\Program Files\WindowsApps\Microsoft.WindowsNotepad_11.2512.26.0_x64__8wekyb3d8bbwe\Notepad\Notepad.exe"" ""C:\Temp\LSASSdump.dmp""'
FileVersion: '-'
User: DESKTOP-8T2FTQR\CozyBear
LogonId: '0x1db99'
IntegrityLevel: Medium
ParentImage: C:\Windows\System32\OpenWith.exe
UtcTime: 2026-04-08 22:11:57.199
"
2026-04-08T22:16:19.268028+00:00,Suspicious Process Patterns NTDS.DIT Exfil,events2/Microsoft-Windows-Sysmon%4Operational.evtx,1,Microsoft-Windows-Sysmon,1,5995,DESKTOP-8T2FTQR,"Image: C:\Windows\System32\cmd.exe
RuleName: '-'
Description: Windows Command Processor
OriginalFileName: Cmd.Exe
TerminalSessionId: 1
ParentCommandLine: '""C:\WINDOWS\system32\cmd.exe"" '
Product: Microsoft® Windows® Operating System
Company: Microsoft Corporation
ParentProcessId: 6968
ParentUser: DESKTOP-8T2FTQR\CozyBear
LogonGuid: 732A33C0-CB03-69D6-2ADB-010000000000
Hashes: SHA256=F682AADDA9DEB654885AE17909380A25F7CB1A43AC0934AC425EE8DE4924C7F3
ParentProcessGuid: 732A33C0-D345-69D6-C501-000000000800
ProcessId: 4508
CurrentDirectory: C:\Windows\System32\
ProcessGuid: 732A33C0-D3B3-69D6-C701-000000000800
CommandLine: cmd.exe  /c ntdsutil ""ac i ntds"" ifm ""create full C:\Windows\Temp\pro"" q q
FileVersion: 10.0.26100.7920 (WinBuild.160101.0800)
User: DESKTOP-8T2FTQR\CozyBear
LogonId: '0x1db2a'
IntegrityLevel: High
ParentImage: C:\Windows\System32\cmd.exe
UtcTime: 2026-04-08 22:16:19.266
"
2026-04-08T22:38:39.768247+00:00,Potential In-Memory Execution Using Reflection.Assembly,events2/Microsoft-Windows-PowerShell%4Operational.evtx,1,Microsoft-Windows-PowerShell,4104,307,DESKTOP-8T2FTQR,"MessageNumber: 1
ScriptBlockText: ""# Copyright 2016-2024 Cloudbase Solutions Srl\n#\n#    Licensed under the Apache License, Version 2.0 (the \""License\""); you may\n#    not use this file except in compliance with the License. You may obtain\n#    a copy of the License at\n#\n#         http://www.apache.org/licenses/LICENSE-2.0\n#\n#    Unless required by applicable law or agreed to in writing, software\n#    distributed under the License is distributed on an \""AS IS\"" BASIS, WITHOUT\n#    WARRANTIES OR CONDITIONS OF ANY KIND, either express or implied. See the\n#    License for the specific language governing permissions and limitations\n#    under the License.\n#\n\n[Flags()]\nenum SerializationOptions {\n    None = 0\n    Roundtrip = 1\n    DisableAliases = 2\n    EmitDefaults = 4\n    JsonCompatible = 8\n    DefaultToStaticType = 16\n    WithIndentedSequences = 32\n    OmitNullValues = 64\n    UseFlowStyle = 128\n    UseSequenceFlowStyle = 256\n}\n$here = Split-Path -Parent $MyInvocation.MyCommand.Path\n$infinityRegex = [regex]::new('^[-+]?(\\.inf|\\.Inf|\\.INF)$', \""Compiled, CultureInvariant\"");\n\nfunction Invoke-LoadFile {\n    param(\n        [string]$assemblyPath\n    )\n\n    $powershellYamlDotNetAssemblyPath = Join-Path $assemblyPath \""YamlDotNet.dll\""\n    $serializerAssemblyPath = Join-Path $assemblyPath \""PowerShellYamlSerializer.dll\""\n    $yamlAssembly = [Reflection.Assembly]::LoadFile($powershellYamlDotNetAssemblyPath)\n    $serializerAssembly = [Reflection.Assembly]::LoadFile($serializerAssemblyPath)\n\n    if ($PSVersionTable['PSEdition'] -eq 'Core') {\n        # Register the AssemblyResolve event to load dependencies manually. This seems to be needed only on\n        # PowerShell Core.\n        $resolver = {\n            param ($snd, $e)\n            # This event only needs to run once when the Invoke-LoadFile function is called.\n            # If it's called again, the variables defined in this functions will not be available,\n            # so we can safely ignore the event.\n            if (-not $serializerAssemblyPath -or -not $powershellYamlDotNetAssemblyPath) {\n                return $null\n            }\n            # Load YamlDotNet if it's requested by PowerShellYamlSerializer. Ignore other requests as they might\n            # originate from other assemblies that are not part of this module and which might have different\n            # versions of the module that they need to load.\n            if ($e.Name -match \""^YamlDotNet,*\"" -and $e.RequestingAssembly.Location -eq  $serializerAssemblyPath) {\n                return [System.Reflection.Assembly]::LoadFile($powershellYamlDotNetAssemblyPath)\n            }\n\n            return $null\n        }\n        [System.AppDomain]::CurrentDomain.add_AssemblyResolve($resolver)\n        # Load the StringQuotingEmitter from PowerShellYamlSerializer to force the resolver handler to fire once.\n        # This is an ugly hack I am not happy with.\n        $serializerAssembly.GetType(\""StringQuotingEmitter\"") | Out-Null\n\n        # Remove the resolver handler after it has been used.\n        [System.AppDomain]::CurrentDomain.remove_AssemblyResolve($resolver)\n    }\n\n    return @{ \""yaml\""= $yamlAssembly; \""quoted\"" = $serializerAssembly }\n}\n\nfunction Invoke-LoadAssembly {\n    $libDir = Join-Path $here \""lib\""\n    $assemblies = @{\n        \""core\"" = Join-Path $libDir \""netstandard2.1\"";\n        \""net47\"" = Join-Path $libDir \""net47\"";\n    }\n\n    if ($PSVersionTable.Keys -contains \""PSEdition\"") {\n        if ($PSVersionTable.PSEdition -eq \""Core\"") {\n            return (Invoke-LoadFile -assemblyPath $assemblies[\""core\""])\n        }\n        return (Invoke-LoadFile -assemblyPath $assemblies[\""net47\""])\n    } else {\n        return (Invoke-LoadFile -assemblyPath $assemblies[\""net47\""])\n    }\n}\n\n$assemblies = Invoke-LoadAssembly\n\n$yamlDotNetAssembly = $assemblies[\""yaml\""]\n$stringQuotedAssembly = $assemblies[\""quoted\""]\n\nfunction Get-YamlDocuments {\n    [CmdletBinding()]\n    Param(\n        [Parameter(Mandatory=$true, ValueFromPipeline=$true)]\n        [string]$Yaml,\n        [switch]$UseMergingParser=$false\n    )\n    PROCESS {\n        $stringReader = new-object System.IO.StringReader($Yaml)\n        $parserType = $yamlDotNetAssembly.GetType(\""YamlDotNet.Core.Parser\"")\n        $parser = $parserType::new($stringReader)\n        if($UseMergingParser) {\n            $parserType = $yamlDotNetAssembly.GetType(\""YamlDotNet.Core.MergingParser\"")\n            $parser = $parserType::new($parser)\n        }\n\n        $yamlStream = $yamlDotNetAssembly.GetType(\""YamlDotNet.RepresentationModel.YamlStream\"")::new()\n        $yamlStream.Load($parser)\n\n        $stringReader.Close()\n\n        return $yamlStream\n    }\n}\n\nfunction Convert-ValueToProperType {\n    [CmdletBinding()]\n    Param(\n        [Parameter(Mandatory=$true,ValueFromPipeline=$true)]\n        [System.Object]$Node\n    )\n    PROCESS {\n        if (!($Node.Value -is [string])) {\n            return $Node\n        }\n        $intTypes = @([int], [long])\n        if ([string]::IsNullOrEmpty($Node.Tag) -eq $false) {\n            switch($Node.Tag) {\n                \""tag:yaml.org,2002:str\"" {\n                    return $Node.Value\n                }\n                \""tag:yaml.org,2002:null\"" {\n                    return $null\n                }\n                \""tag:yaml.org,2002:bool\"" {\n                    $parsedValue = $false\n                    if (![boolean]::TryParse($Node.Value, [ref]$parsedValue)) {\n                        Throw (\""failed to parse scalar {0} as boolean\"" -f $Node)\n                    }\n                    return $parsedValue\n                }\n                \""tag:yaml.org,2002:int\"" {\n                    $parsedValue = 0\n                    if ($node.Value.Length -gt 2) {\n                        switch ($node.Value.Substring(0, 2)) {\n                            \""0o\"" {\n                                $parsedValue = [Convert]::ToInt64($Node.Value.Substring(2), 8)\n                            }\n                            \""0x\"" {\n                                $parsedValue = [Convert]::ToInt64($Node.Value.Substring(2), 16)\n                            }\n                            default {\n                                if (![System.Numerics.BigInteger]::TryParse($Node.Value, @([Globalization.NumberStyles]::Float, [Globalization.NumberStyles]::Integer), [Globalization.CultureInfo]::InvariantCulture, [ref]$parsedValue)) {\n                                    Throw (\""failed to parse scalar {0} as long\"" -f $Node)\n                                }\n                            }\n                        }\n                    } else {\n                        if (![System.Numerics.BigInteger]::TryParse($Node.Value, @([Globalization.NumberStyles]::Float, [Globalization.NumberStyles]::Integer), [Globalization.CultureInfo]::InvariantCulture, [ref]$parsedValue)) {\n                            Throw (\""failed to parse scalar {0} as long\"" -f $Node)\n                        }\n                    }\n                    foreach ($i in $intTypes) {\n                        $asIntType = $parsedValue -as $i\n                        if($null -ne $asIntType) {\n                            return $asIntType\n                        }\n                    }\n                    return $parsedValue\n                }\n                \""tag:yaml.org,2002:float\"" {\n                    $parsedValue = 0.0\n                    if ($infinityRegex.Matches($Node.Value).Count -gt 0) {\n                        $prefix = $Node.Value.Substring(0, 1)\n                        switch ($prefix) {\n                            \""-\"" {\n                                return [double]::NegativeInfinity\n                            }\n                            default {\n                                # Prefix is either missing or is a +\n                                return [double]::PositiveInfinity\n                            }\n                        }\n                    }\n                    if (![decimal]::TryParse($Node.Value, [Globalization.NumberStyles]::Float, [Globalization.CultureInfo]::InvariantCulture, [ref]$parsedValue)) {\n                        Throw (\""failed to parse scalar {0} as decimal\"" -f $Node)\n                    }\n                    return $parsedValue\n                }\n                \""tag:yaml.org,2002:timestamp\"" {\n                    # From the YAML spec: http://yaml.org/type/timestamp.html\n                    [DateTime]$parsedValue = [DateTime]::MinValue\n                    $ts = [DateTime]::SpecifyKind($Node.Value, [System.DateTimeKind]::Utc)\n                    $tss = $ts.ToString(\""o\"")\n                    if(![datetime]::TryParse($tss, $null, [System.Globalization.DateTimeStyles]::RoundtripKind, [ref] $parsedValue)) {\n                        Throw (\""failed to parse scalar {0} as DateTime\"" -f $Node)\n                    }\n                    return $parsedValue\n                }\n            }\n        }\n\n        if ($Node.Style -eq 'Plain') {\n            $parsedValue = New-Object -TypeName ([Boolean].FullName)\n            $result = [boolean]::TryParse($Node,[ref]$parsedValue)\n            if( $result ) {\n                return $parsedValue\n            }\n\n            $parsedValue = New-Object -TypeName ([System.Numerics.BigInteger].FullName)\n            $result = [System.Numerics.BigInteger]::TryParse($Node, @([Globalization.NumberStyles]::Float, [Globalization.NumberStyles]::Integer), [Globalization.CultureInfo]::InvariantCulture, [ref]$parsedValue)\n            if($result) {\n                $types = @([int], [long])\n                foreach($i in $types){\n                    $asType = $parsedValue -as $i\n                    if($null -ne $asType) {\n                        return $asType\n                    }\n                }\n                return $parsedValue\n            }\n            $types = @([decimal], [double])\n            foreach($i in $types){\n                $parsedValue = New-Object -TypeName $i.FullName\n                $result = $i::TryParse($Node, [Globalization.NumberStyles]::Float, [Globalization.CultureInfo]::InvariantCulture, [ref]$parsedValue)\n                if( $result ) {\n                    return $parsedValue\n                }\n            }\n        }\n\n        if ($Node.Style -eq 'Plain' -and $Node.Value -in '','~','null','Null','NULL') {\n            return $null\n        }\n\n        return $Node.Value\n    }\n}\n\nfunction Convert-YamlMappingToHashtable {\n    [CmdletBinding()]\n    Param(\n        [Parameter(Mandatory=$true, ValueFromPipeline=$true)]\n        $Node,\n        [switch] $Ordered\n    )\n    PROCESS {\n        if ($Ordered) { $ret = [ordered]@{} } else { $ret = @{} }\n        foreach($i in $Node.Children.Keys) {\n            $ret[$i.Value] = Convert-YamlDocumentToPSObject $Node.Children[$i] -Ordered:$Ordered\n        }\n        return $ret\n    }\n}\n\nfunction Convert-YamlSequenceToArray {\n    [CmdletBinding()]\n    Param(\n        [Parameter(Mandatory=$true, ValueFromPipeline=$true)]\n        $Node,\n        [switch]$Ordered\n    )\n    PROCESS {\n        $ret = [System.Collections.Generic.List[object]](New-Object \""System.Collections.Generic.List[object]\"")\n        foreach($i in $Node.Children){\n            $ret.Add((Convert-YamlDocumentToPSObject $i -Ordered:$Ordered))\n        }\n        return ,$ret\n    }\n}\n\nfunction Convert-YamlDocumentToPSObject {\n    [CmdletBinding()]\n    Param(\n        [Parameter(Mandatory=$true, ValueFromPipeline=$true)]\n        [System.Object]$Node, \n        [switch]$Ordered\n    )\n    PROCESS {\n        switch($Node.GetType().FullName){\n            \""YamlDotNet.RepresentationModel.YamlMappingNode\""{\n                return Convert-YamlMappingToHashtable $Node -Ordered:$Ordered\n            }\n            \""YamlDotNet.RepresentationModel.YamlSequenceNode\"" {\n                return Convert-YamlSequenceToArray $Node -Ordered:$Ordered\n            }\n            \""YamlDotNet.RepresentationModel.YamlScalarNode\"" {\n                return (Convert-ValueToProperType $Node)\n            }\n        }\n    }\n}\n\nfunction Convert-HashtableToDictionary {\n    Param(\n        [Parameter(Mandatory=$true,ValueFromPipeline=$true)]\n        [hashtable]$Data\n    )\n    foreach($i in $($data.PSBase.Keys)) {\n        $Data[$i] = Convert-PSObjectToGenericObject $Data[$i]\n    }\n    return $Data\n}\n\nfunction Convert-OrderedHashtableToDictionary {\n    Param(\n        [Parameter(Mandatory=$true,ValueFromPipeline=$true)]\n        [System.Collections.Specialized.OrderedDictionary] $Data\n    )\n    foreach ($i in $($data.PSBase.Keys)) {\n        $Data[$i] = Convert-PSObjectToGenericObject $Data[$i]\n    }\n    return $Data\n}\n\nfunction Convert-ListToGenericList {\n    Param(\n        [Parameter(Mandatory=$false,ValueFromPipeline=$true)]\n        [array]$Data=@()\n    )\n    $ret = [System.Collections.Generic.List[object]](New-Object \""System.Collections.Generic.List[object]\"")\n    for($i=0; $i -lt $Data.Count; $i++) {\n        $ret.Add((Convert-PSObjectToGenericObject $Data[$i]))\n    }\n    return ,$ret\n}\n\nfunction Convert-PSObjectToGenericObject {\n    Param(\n        [Parameter(Mandatory=$false,ValueFromPipeline=$true)]\n        [System.Object]$Data\n    )\n\n    if ($null -eq $data) {\n        return $data\n    }\n\n    $dataType = $data.GetType()\n    if (([System.Collections.Specialized.OrderedDictionary].IsAssignableFrom($dataType))){\n        return Convert-OrderedHashtableToDictionary $data\n    } elseif (([System.Collections.IDictionary].IsAssignableFrom($dataType))){\n        return Convert-HashtableToDictionary $data\n    } elseif (([System.Collections.IList].IsAssignableFrom($dataType))) {\n        return Convert-ListToGenericList $data\n    }\n    return $data\n}\n\nfunction ConvertFrom-Yaml {\n    [CmdletBinding()]\n    Param(\n        [Parameter(Mandatory=$false, ValueFromPipeline=$true, Position=0)]\n        [string]$Yaml,\n        [switch]$AllDocuments=$false,\n        [switch]$Ordered,\n        [switch]$UseMergingParser=$false\n    )\n\n    BEGIN {\n        $d = \""\""\n    }\n    PROCESS {\n        if($Yaml -is [string]) {\n            $d += $Yaml + \""`n\""\n        }\n    }\n\n    END {\n        if($d -eq \""\""){\n            return\n        }\n        $documents = Get-YamlDocuments -Yaml $d -UseMergingParser:$UseMergingParser\n        if (!$documents.Count) {\n            return\n        }\n        if($documents.Count -eq 1){\n            return Convert-YamlDocumentToPSObject $documents[0].RootNode -Ordered:$Ordered\n        }\n        if(!$AllDocuments) {\n            return Convert-YamlDocumentToPSObject $documents[0].RootNode -Ordered:$Ordered\n        }\n        $ret = @()\n        foreach($i in $documents) {\n            $ret += Convert-YamlDocumentToPSObject $i.RootNode -Ordered:$Ordered\n        }\n        return $ret\n    }\n}\n\nfunction Get-Serializer {\n    Param(\n        [Parameter(Mandatory=$true)][SerializationOptions]$Options\n    )\n    \n    $builder = $yamlDotNetAssembly.GetType(\""YamlDotNet.Serialization.SerializerBuilder\"")::new()\n    $JsonCompatible = $Options.HasFlag([SerializationOptions]::JsonCompatible)\n\n    if ($Options.HasFlag([SerializationOptions]::Roundtrip)) {\n        $builder = $builder.EnsureRoundtrip()\n    }\n    if ($Options.HasFlag([SerializationOptions]::DisableAliases)) {\n        $builder = $builder.DisableAliases()\n    }\n    if ($Options.HasFlag([SerializationOptions]::EmitDefaults)) {\n        $builder = $builder.EmitDefaults()\n    }\n    if ($JsonCompatible) {\n        $builder = $builder.JsonCompatible()\n    }\n    if ($Options.HasFlag([SerializationOptions]::DefaultToStaticType)) {\n        $resolver = $yamlDotNetAssembly.GetType(\""YamlDotNet.Serialization.TypeResolvers.StaticTypeResolver\"")::new()\n        $builder = $builder.WithTypeResolver($resolver)\n    }\n    if ($Options.HasFlag([SerializationOptions]::WithIndentedSequences)) {\n        $builder = $builder.WithIndentedSequences()\n    }\n\n    $omitNull = $Options.HasFlag([SerializationOptions]::OmitNullValues)\n    $useFlowStyle = $Options.HasFlag([SerializationOptions]::UseFlowStyle)\n    $useSequenceFlowStyle = $Options.HasFlag([SerializationOptions]::UseSequenceFlowStyle)\n\n    $stringQuoted = $stringQuotedAssembly.GetType(\""BuilderUtils\"")\n    $builder = $stringQuoted::BuildSerializer($builder, $omitNull, $useFlowStyle, $useSequenceFlowStyle, $JsonCompatible)\n\n    return $builder.Build()\n}\n\nfunction ConvertTo-Yaml {\n    [CmdletBinding(DefaultParameterSetName = 'NoOptions')]\n    Param(\n        [Parameter(ValueFromPipeline = $true, Position=0)]\n        [System.Object]$Data,\n\n        [string]$OutFile,\n\n        [Parameter(ParameterSetName = 'Options')]\n        [SerializationOptions]$Options = [SerializationOptions]::Roundtrip,\n\n        [Parameter(ParameterSetName = 'NoOptions')]\n        [switch]$JsonCompatible,\n        [switch]$UseFlowStyle,\n        \n        [switch]$KeepArray,\n\n        [switch]$Force\n    )\n    BEGIN {\n        $d = [System.Collections.Generic.List[object]](New-Object \""System.Collections.Generic.List[object]\"")\n    }\n    PROCESS {\n        if($data -is [System.Object]) {\n            $d.Add($data)\n        }\n    }\n    END {\n        if ($d -eq $null -or $d.Count -eq 0) {\n            return\n        }\n        if ($d.Count -eq 1 -and !($KeepArray)) {\n            $d = $d[0]\n        }\n        $norm = Convert-PSObjectToGenericObject $d\n        if ($OutFile) {\n            $parent = Split-Path $OutFile\n            if (!(Test-Path $parent)) {\n                Throw \""Parent folder for specified path does not exist\""\n            }\n            if ((Test-Path $OutFile) -and !$Force) {\n                Throw \""Target file already exists. Use -Force to overwrite.\""\n            }\n            $wrt = New-Object \""System.IO.StreamWriter\"" $OutFile\n        } else {\n            $wrt = New-Object \""System.IO.StringWriter\""\n        }\n    \n        if ($PSCmdlet.ParameterSetName -eq 'NoOptions') {\n            $Options = 0\n            if ($JsonCompatible) {\n                # No indent options :~(\n                $Options = [SerializationOptions]::JsonCompatible\n            }\n        }\n\n        try {\n            $serializer = Get-Serializer $Options\n            $serializer.Serialize($wrt, $norm)\n        }\n        catch{\n            $_\n        }\n        finally {\n            $wrt.Close()\n        }\n        if ($OutFile) {\n            return\n        } else {\n            return $wrt.ToString()\n        }\n    }\n}\n\nNew-Alias -Name cfy -Value ConvertFrom-Yaml\nNew-Alias -Name cty -Value ConvertTo-Yaml\n\nExport-ModuleMember -Function ConvertFrom-Yaml,ConvertTo-Yaml -Alias cfy,cty\n""
ScriptBlockId: f3887190-1e26-4bbf-bee0-5964250c95fb
MessageTotal: 1
Path: C:\Users\CozyBear\Documents\WindowsPowerShell\Modules\powershell-yaml\0.4.12\powershell-yaml.psm1
"
2026-04-08T22:38:40.114867+00:00,Powershell Create Scheduled Task,events2/Microsoft-Windows-PowerShell%4Operational.evtx,1,Microsoft-Windows-PowerShell,4104,312,DESKTOP-8T2FTQR,"MessageNumber: 1
ScriptBlockText: ""function Invoke-SetupAtomicRunner {\r\n\r\n    [CmdletBinding(\r\n        SupportsShouldProcess = $true,\r\n        PositionalBinding = $false,\r\n        ConfirmImpact = 'Medium')]\r\n    Param(\r\n        [Parameter(Mandatory = $false)]\r\n        [switch]\r\n        $SkipServiceSetup,\r\n\r\n        [Parameter(Mandatory = $false)]\r\n        [switch]\r\n        $asScheduledtask\r\n    )\r\n\r\n    # ensure running with admin privs\r\n    if ($artConfig.OS -eq \""windows\"") {\r\n        # auto-elevate on Windows\r\n        $currentUser = New-Object Security.Principal.WindowsPrincipal $([Security.Principal.WindowsIdentity]::GetCurrent())\r\n        $testadmin = $currentUser.IsInRole([Security.Principal.WindowsBuiltinRole]::Administrator)\r\n        if ($testadmin -eq $false) {\r\n            Start-Process powershell.exe -Verb RunAs -ArgumentList ('-noprofile -noexit -file \""{0}\"" -elevated' -f ($myinvocation.MyCommand.Definition))\r\n            exit $LASTEXITCODE\r\n        }\r\n    }\r\n    else {\r\n        # linux and macos check - doesn't auto-elevate\r\n        if ((id -u) -ne 0 ) {\r\n            Throw \""You must run the Invoke-SetupAtomicRunner script as root\""\r\n            exit\r\n        }\r\n    }\r\n\r\n    if ($artConfig.basehostname.length -gt 15) { Throw \""The hostname for this machine (minus the GUID) must be 15 characters or less. Please rename this computer.\"" }\r\n\r\n    #create AtomicRunner-Logs directories if they don't exist\r\n    New-Item -ItemType Directory $artConfig.atomicLogsPath -ErrorAction Ignore\r\n    New-Item -ItemType Directory $artConfig.runnerFolder -ErrorAction Ignore\r\n\r\n    if ($artConfig.OS -eq \""windows\"") {\r\n        if ($asScheduledtask) {\r\n            if (Test-Path $artConfig.credFile) {\r\n                Write-Host \""Credential File $($artConfig.credFile) already exists, not prompting for creation of a new one.\""\r\n                $cred = New-Object -TypeName System.Management.Automation.PSCredential -ArgumentList $artConfig.user, (Get-Content $artConfig.credFile | ConvertTo-SecureString)\r\n            }\r\n            else {\r\n                # create credential file for the user since we aren't using a group managed service account\r\n                $cred = Get-Credential -UserName $artConfig.user -message \""Enter password for $($artConfig.user) in order to create the runner scheduled task\""\r\n                $cred.Password | ConvertFrom-SecureString | Out-File $artConfig.credFile\r\n            }\r\n            # setup scheduled task that will start the runner after each restart\r\n            # local security policy --> Local Policies --> Security Options --> Network access: Do not allow storage of passwords and credentials for network authentication must be disabled\r\n            $taskName = \""KickOff-AtomicRunner\""\r\n            Unregister-ScheduledTask $taskName -confirm:$false -ErrorAction Ignore\r\n            # Windows scheduled task includes a 20 minutes sleep then restart if the call to Invoke-KickoffAtomicRunner fails\r\n            # this occurs occassionally when Windows has issues logging into the runner user's account and logs in as a TEMP user\r\n            $taskAction = New-ScheduledTaskAction -Execute \""powershell.exe\"" -Argument \""-exec bypass -Command Invoke-KickoffAtomicRunner; Start-Sleep 1200; Restart-Computer -Force\""\r\n            $taskPrincipal = New-ScheduledTaskPrincipal -UserId $artConfig.user\r\n            $delays = @(1, 2, 4, 8, 16, 32, 64) # using multiple triggers as a retry mechanism because the built-in retry mechanism doesn't work when the computer renaming causes AD replication delays\r\n            $triggers = @()\r\n            foreach ($delay in $delays) {\r\n                $trigger = New-ScheduledTaskTrigger -AtStartup\r\n                $trigger.Delay = \""PT$delay`M\""\r\n                $triggers += $trigger\r\n            }\r\n            $task = New-ScheduledTask -Action $taskAction -Principal $taskPrincipal -Trigger $triggers -Description \""A task that runs 1 minute or later after boot to start the atomic test runner script\""\r\n            try {\r\n                $null = Register-ScheduledTask -TaskName $taskName -InputObject $task -User $artConfig.user -Password $($cred.GetNetworkCredential().password) -ErrorAction Stop\r\n            }\r\n            catch {\r\n                if ($_.CategoryInfo.Category -eq \""AuthenticationError\"") {\r\n                    # remove the credential file if the password didn't work\r\n                    Write-Error \""The credentials you entered are incorrect. Please run the setup script again and double check the username and password.\""\r\n                    Remove-Item $artConfig.credFile\r\n                }\r\n                else {\r\n                    Throw $_\r\n                }\r\n            }\r\n\r\n            # remove the atomicrunnerservice now that we are using a scheduled task instead\r\n            . \""$PSScriptRoot\\AtomicRunnerService.ps1\"" -Remove\r\n        }\r\n        elseif (-not $SkipServiceSetup) {\r\n            # create the service that will start the runner after each restart\r\n            # The user must have the \""Log on as a service\"" right. To add that right, open the Local Security Policy management console, go to the\r\n            # \""\\Security Settings\\Local Policies\\User Rights Assignments\"" folder, and edit the \""Log on as a service\"" policy there.\r\n            . \""$PSScriptRoot\\AtomicRunnerService.ps1\"" -Remove\r\n            . \""$PSScriptRoot\\AtomicRunnerService.ps1\"" -UserName $artConfig.user -installDir $artConfig.serviceInstallDir -Setup\r\n            Add-EnvPath -Container Machine -Path $artConfig.serviceInstallDir\r\n            # set service start retry options\r\n            $ServiceDisplayName = \""AtomicRunnerService\""\r\n            $action1, $action2, $action3 = \""restart\""\r\n            $time1 = 600000 # 10 minutes in miliseconds\r\n            $action2 = \""restart\""\r\n            $time2 = 600000 # 10 minutes in miliseconds\r\n            $actionLast = \""restart\""\r\n            $timeLast = 3600000 # 1 hour in miliseconds\r\n            $resetCounter = 86400 # 1 day in seconds\r\n            $services = Get-CimInstance -ClassName 'Win32_Service' | Where-Object { $_.DisplayName -imatch $ServiceDisplayName }\r\n            $action = $action1 + \""/\"" + $time1 + \""/\"" + $action2 + \""/\"" + $time2 + \""/\"" + $actionLast + \""/\"" + $timeLast\r\n            foreach ($service in $services) {\r\n                # https://technet.microsoft.com/en-us/library/cc742019.aspx\r\n                $output = sc.exe  failure $($service.Name) actions= $action reset= $resetCounter\r\n            }\r\n            # set service to delayed auto-start (doesn't reflect in the services console until after a reboot)\r\n            Set-ItemProperty -Path \""HKLM:\\SYSTEM\\CurrentControlSet\\Services\\AtomicRunnerService\"" -Name Start -Value 2\r\n            Set-ItemProperty -Path \""HKLM:\\SYSTEM\\CurrentControlSet\\Services\\AtomicRunnerService\"" -Name DelayedAutostart -Value 1\r\n\r\n            # remove scheduled task now that we are using a service instead\r\n            Unregister-ScheduledTask \""KickOff-AtomicRunner\"" -confirm:$false -ErrorAction Ignore\r\n        }\r\n    }\r\n    else {\r\n        # sets cronjob string using basepath from config.ps1\r\n        $pwshPath = which pwsh\r\n        $job = \""@reboot root sleep 60;$pwshPath -Command Invoke-KickoffAtomicRunner\""\r\n        $exists = cat /etc/crontab | Select-String -Quiet \""KickoffAtomicRunner\""\r\n        #checks if the Kickoff-AtomicRunner job exists. If not appends it to the system crontab.\r\n        if ($null -eq $exists) {\r\n            $(Write-Output \""$job\"" >> /etc/crontab)\r\n            write-host \""setting cronjob\""\r\n        }\r\n        else {\r\n            write-host \""cronjob already exists\""\r\n        }\r\n    }\r\n\r\n    # Add Import-Module statement to the PowerShell profile\r\n    $root = Split-Path $PSScriptRoot -Parent\r\n    $pathToPSD1 = Join-Path $root \""Invoke-AtomicRedTeam.psd1\""\r\n    $importStatement = \""Import-Module \""\""$pathToPSD1\""\"" -Force\""\r\n    $profileFolder = Split-Path $profile\r\n    New-Item -ItemType Directory -Force -Path $profileFolder | Out-Null\r\n    New-Item $PROFILE -ErrorAction Ignore\r\n    $profileContent = Get-Content $profile\r\n    $line = $profileContent | Select-String \"".*import-module.*invoke-atomicredTeam.psd1\"" | Select-Object -ExpandProperty Line\r\n    if ($line) {\r\n        $profileContent | ForEach-Object { $_.replace( $line, \""$importStatement\"") } | Set-Content $profile\r\n    }\r\n    else {\r\n        Add-Content $profile $importStatement\r\n    }\r\n\r\n    # Install the Posh-SYLOG module if we are configured to use it and it is not already installed\r\n    if ((-not (Get-Module -ListAvailable \""Posh-SYSLOG\"")) -and [bool]$artConfig.syslogServer -and [bool]$artConfig.syslogPort) {\r\n        write-verbose \""Posh-SYSLOG\""\r\n        Install-Module -Name Posh-SYSLOG -Scope CurrentUser -Force\r\n    }\r\n\r\n    # create the CSV schedule of atomics to run if it doesn't exist\r\n    if (-not (Test-Path $artConfig.scheduleFile)) {\r\n        Invoke-GenerateNewSchedule\r\n    }\r\n\r\n    $schedule = Get-Schedule\r\n    if ($null -eq $schedule) {\r\n        Write-Host -ForegroundColor Yellow \""There are no tests enabled on the schedule, set the 'Enabled' column to 'True' for the atomic test that you want to run. The schedule file is found here: $($artConfig.scheduleFile)\""\r\n        Write-Host -ForegroundColor Yellow \""Rerun this setup script after updating the schedule\""\r\n    }\r\n    else {\r\n        # Get the prereqs for all of the tests on the schedule\r\n        Invoke-AtomicRunner -GetPrereqs\r\n    }\r\n}\r\n\r\n# Add-EnvPath from https://gist.github.com/mkropat/c1226e0cc2ca941b23a9\r\nfunction Add-EnvPath {\r\n    param(\r\n        [Parameter(Mandatory = $true)]\r\n        [string] $Path,\r\n\r\n        [ValidateSet('Machine', 'User', 'Session')]\r\n        [string] $Container = 'Session'\r\n    )\r\n\r\n    if ($Container -ne 'Session') {\r\n        $containerMapping = @{\r\n            Machine = [EnvironmentVariableTarget]::Machine\r\n            User    = [EnvironmentVariableTarget]::User\r\n        }\r\n        $containerType = $containerMapping[$Container]\r\n\r\n        $persistedPaths = [Environment]::GetEnvironmentVariable('Path', $containerType) -split ';'\r\n        if ($persistedPaths -notcontains $Path) {\r\n            $persistedPaths = $persistedPaths + $Path | Where-Object { $_ }\r\n            [Environment]::SetEnvironmentVariable('Path', $persistedPaths -join ';', $containerType)\r\n        }\r\n    }\r\n\r\n    $envPaths = $env:Path -split ';'\r\n    if ($envPaths -notcontains $Path) {\r\n        $envPaths = $envPaths + $Path | Where-Object { $_ }\r\n        $env:Path = $envPaths -join ';'\r\n    }\r\n}""
ScriptBlockId: 1566520d-57af-4aa0-89bd-5c6783f1b6af
MessageTotal: 1
Path: C:\AtomicRedTeam\invoke-atomicredteam\Public\Invoke-SetupAtomicRunner.ps1
"
2026-04-08T22:38:40.116113+00:00,Usage Of Web Request Commands And Cmdlets - ScriptBlock,events2/Microsoft-Windows-PowerShell%4Operational.evtx,1,Microsoft-Windows-PowerShell,4104,313,DESKTOP-8T2FTQR,"MessageNumber: 1
ScriptBlockText: |
  function Invoke-WebRequestVerifyHash ($url, $outfile, $hash) {
      $success = $false
      $null = @(
          New-Item -ItemType Directory (Split-Path $outfile) -Force | Out-Null
          $ms = New-Object IO.MemoryStream
          [Net.ServicePointManager]::SecurityProtocol = ([Net.ServicePointManager]::SecurityProtocol -bor [Net.SecurityProtocolType]::Tls11 -bor [Net.SecurityProtocolType]::Tls12)
          (New-Object System.Net.WebClient).OpenRead($url).copyto($ms)
          $ms.seek(0, [System.IO.SeekOrigin]::Begin) | Out-Null
          $actualHash = (Get-FileHash -InputStream $ms).Hash
          if ( $hash -eq $actualHash) {
              $ms.seek(0, [System.IO.SeekOrigin]::Begin) | Out-Null
              $fileStream = New-Object IO.FileStream $outfile, ([System.IO.FileMode]::Create)
              $ms.CopyTo($fileStream);
              $fileStream.Close()
              $success = $true
          }
          else {
              Write-Host -ForegroundColor red ""File hash mismatch, expected: $hash, actual: $actualHash""
          }
      )
      $success
  }
ScriptBlockId: 1ee3e0dd-6cca-45dc-9fea-d38343683c7e
MessageTotal: 1
Path: C:\AtomicRedTeam\invoke-atomicredteam\Public\Invoke-WebRequestVerifyHash.ps1
"
